============================= test session starts ==============================
platform darwin -- Python 3.13.13, pytest-9.0.3, pluggy-1.6.0 -- /Users/vishalelaka/Documents/Github/ai110-module1show-gameglitchinvestigator-starter/venv/bin/python
cachedir: .pytest_cache
rootdir: /Users/vishalelaka/Documents/Github/ai110-module1show-gameglitchinvestigator-starter
plugins: anyio-4.13.0
collecting ... collected 59 items

tests/test_game_logic.py::test_winning_guess PASSED                      [  1%]
tests/test_game_logic.py::test_guess_too_high PASSED                     [  3%]
tests/test_game_logic.py::test_guess_too_low PASSED                      [  5%]
tests/test_game_logic.py::test_high_guess_is_never_too_low PASSED        [  6%]
tests/test_game_logic.py::test_low_guess_is_never_too_high PASSED        [  8%]
tests/test_game_logic.py::test_check_guess_is_numeric_not_string_compare PASSED [ 10%]
tests/test_game_logic.py::test_parse_guess_rejects_empty PASSED          [ 11%]
tests/test_game_logic.py::test_parse_guess_rejects_whitespace PASSED     [ 13%]
tests/test_game_logic.py::test_parse_guess_rejects_non_number PASSED     [ 15%]
tests/test_game_logic.py::test_parse_guess_accepts_valid_int PASSED      [ 16%]
tests/test_game_logic.py::test_range_easy PASSED                         [ 18%]
tests/test_game_logic.py::test_range_normal PASSED                       [ 20%]
tests/test_game_logic.py::test_range_hard PASSED                         [ 22%]
tests/test_game_logic.py::test_wrong_guess_loses_points PASSED           [ 23%]
tests/test_game_logic.py::test_parse_guess_rejects_inf_and_nan[inf] PASSED [ 25%]
tests/test_game_logic.py::test_parse_guess_rejects_inf_and_nan[Inf] PASSED [ 27%]
tests/test_game_logic.py::test_parse_guess_rejects_inf_and_nan[-inf] PASSED [ 28%]
tests/test_game_logic.py::test_parse_guess_rejects_inf_and_nan[infinity] PASSED [ 30%]
tests/test_game_logic.py::test_parse_guess_rejects_inf_and_nan[1e999] PASSED [ 32%]
tests/test_game_logic.py::test_parse_guess_rejects_inf_and_nan[1E999] PASSED [ 33%]
tests/test_game_logic.py::test_parse_guess_rejects_inf_and_nan[nan] PASSED [ 35%]
tests/test_game_logic.py::test_parse_guess_rejects_inf_and_nan[NaN] PASSED [ 37%]
tests/test_game_logic.py::test_parse_guess_does_not_raise_on_infinity PASSED [ 38%]
tests/test_game_logic.py::test_parse_guess_accepts_plain_scientific_notation PASSED [ 40%]
tests/test_game_logic.py::test_parse_guess_rejects_out_of_range[-50] PASSED [ 42%]
tests/test_game_logic.py::test_parse_guess_rejects_out_of_range[0] PASSED [ 44%]
tests/test_game_logic.py::test_parse_guess_rejects_out_of_range[21] PASSED [ 45%]
tests/test_game_logic.py::test_parse_guess_rejects_out_of_range[999999] PASSED [ 47%]
tests/test_game_logic.py::test_parse_guess_accepts_in_range_boundaries[1-1] PASSED [ 49%]
tests/test_game_logic.py::test_parse_guess_accepts_in_range_boundaries[20-20] PASSED [ 50%]
tests/test_game_logic.py::test_parse_guess_accepts_in_range_boundaries[13-13] PASSED [ 52%]
tests/test_game_logic.py::test_parse_guess_without_range_still_accepts_large_int PASSED [ 54%]
tests/test_game_logic.py::test_parse_guess_rejects_fractional_decimals[42.9] PASSED [ 55%]
tests/test_game_logic.py::test_parse_guess_rejects_fractional_decimals[-0.5] PASSED [ 57%]
tests/test_game_logic.py::test_parse_guess_rejects_fractional_decimals[19.99] PASSED [ 59%]
tests/test_game_logic.py::test_parse_guess_rejects_fractional_decimals[0.1] PASSED [ 61%]
tests/test_game_logic.py::test_parse_guess_accepts_whole_valued_decimals[42.0-42] PASSED [ 62%]
tests/test_game_logic.py::test_parse_guess_accepts_whole_valued_decimals[7.000-7] PASSED [ 64%]
tests/test_game_logic.py::test_fractional_decimal_is_rejected_even_when_in_range PASSED [ 66%]
tests/test_game_logic.py::test_first_score_is_always_a_record PASSED     [ 67%]
tests/test_game_logic.py::test_higher_score_replaces_and_is_a_record PASSED [ 69%]
tests/test_game_logic.py::test_lower_score_is_not_a_record PASSED        [ 71%]
tests/test_game_logic.py::test_equal_score_is_not_a_record PASSED        [ 72%]
tests/test_game_logic.py::test_scores_are_tracked_per_difficulty PASSED  [ 74%]
tests/test_game_logic.py::test_update_does_not_mutate_input_dict PASSED  [ 76%]
tests/test_game_logic.py::test_save_then_load_round_trip PASSED          [ 77%]
tests/test_game_logic.py::test_load_missing_file_returns_empty PASSED    [ 79%]
tests/test_game_logic.py::test_load_corrupt_file_returns_empty PASSED    [ 81%]
tests/test_game_logic.py::test_load_non_dict_json_returns_empty PASSED   [ 83%]
tests/test_game_logic.py::test_load_drops_non_integer_values PASSED      [ 84%]
tests/test_game_logic.py::test_exact_match_is_bullseye PASSED            [ 86%]
tests/test_game_logic.py::test_very_close_guess_is_hot PASSED            [ 88%]
tests/test_game_logic.py::test_far_guess_is_cold PASSED                  [ 89%]
tests/test_game_logic.py::test_proximity_bands_scale_with_range[52-Hot] PASSED [ 91%]
tests/test_game_logic.py::test_proximity_bands_scale_with_range[60-Warm] PASSED [ 93%]
tests/test_game_logic.py::test_proximity_bands_scale_with_range[75-Cool] PASSED [ 94%]
tests/test_game_logic.py::test_proximity_bands_scale_with_range[95-Cold] PASSED [ 96%]
tests/test_game_logic.py::test_proximity_is_relative_to_range_size PASSED [ 98%]
tests/test_game_logic.py::test_proximity_handles_degenerate_range PASSED [100%]

============================== 59 passed in 0.03s ==============================
